Start testing: May 24 15:36 RTZ 2 (зима)
----------------------------------------------------------
Unable to find executable: tests_NOT_BUILT
1/1 Testing: tests_NOT_BUILT
1/1 Test: tests_NOT_BUILT
Command: ""
Directory: D:/projects/file_search_engine/build
"tests_NOT_BUILT" start time: 
Output:
----------------------------------------------------------
<end of output>
Test time =   0.00 sec
----------------------------------------------------------
Test Passed.
"tests_NOT_BUILT" end time: May 24 15:36 RTZ 2 (зима)
"tests_NOT_BUILT" time elapsed: 00:00:00
----------------------------------------------------------

End testing: May 24 15:36 RTZ 2 (зима)
